(0.000) 
            SELECT name, type FROM sqlite_master
            WHERE type in ('table', 'view') AND NOT name='sqlite_sequence'
            ORDER BY name; args=None
(0.000) SELECT "django_migrations"."id", "django_migrations"."app", "django_migrations"."name", "django_migrations"."applied" FROM "django_migrations"; args=()
(0.000) SELECT "shop_item"."id", "shop_item"."name", "shop_item"."desc", "shop_item"."price", "shop_item"."created_at", "shop_item"."updated_at" FROM "shop_item" ORDER BY "shop_item"."id" ASC; args=()
(0.000) 
            SELECT name, type FROM sqlite_master
            WHERE type in ('table', 'view') AND NOT name='sqlite_sequence'
            ORDER BY name; args=None
(0.000) SELECT "django_migrations"."id", "django_migrations"."app", "django_migrations"."name", "django_migrations"."applied" FROM "django_migrations"; args=()
(0.000) SELECT "shop_item"."id", "shop_item"."name", "shop_item"."desc", "shop_item"."price", "shop_item"."created_at", "shop_item"."updated_at" FROM "shop_item" WHERE "shop_item"."name" LIKE '%iphone%' ESCAPE '\' ORDER BY "shop_item"."id" ASC; args=('%iphone%',)
(0.000) 
            SELECT name, type FROM sqlite_master
            WHERE type in ('table', 'view') AND NOT name='sqlite_sequence'
            ORDER BY name; args=None
(0.000) SELECT "django_migrations"."id", "django_migrations"."app", "django_migrations"."name", "django_migrations"."applied" FROM "django_migrations"; args=()
(0.000) SELECT "shop_item"."id", "shop_item"."name", "shop_item"."desc", "shop_item"."price", "shop_item"."created_at", "shop_item"."updated_at" FROM "shop_item" WHERE "shop_item"."name" LIKE '%iphone%' ESCAPE '\' ORDER BY "shop_item"."id" ASC; args=('%iphone%',)
(0.000) 
            SELECT name, type FROM sqlite_master
            WHERE type in ('table', 'view') AND NOT name='sqlite_sequence'
            ORDER BY name; args=None
(0.000) SELECT "django_migrations"."id", "django_migrations"."app", "django_migrations"."name", "django_migrations"."applied" FROM "django_migrations"; args=()
(0.000) SELECT "shop_item"."id", "shop_item"."name", "shop_item"."desc", "shop_item"."price", "shop_item"."created_at", "shop_item"."updated_at" FROM "shop_item" WHERE "shop_item"."name" LIKE '%iphone%' ESCAPE '\' ORDER BY "shop_item"."id" ASC; args=('%iphone%',)
(0.000) 
            SELECT name, type FROM sqlite_master
            WHERE type in ('table', 'view') AND NOT name='sqlite_sequence'
            ORDER BY name; args=None
(0.000) SELECT "django_migrations"."id", "django_migrations"."app", "django_migrations"."name", "django_migrations"."applied" FROM "django_migrations"; args=()
(0.000) 
            SELECT name, type FROM sqlite_master
            WHERE type in ('table', 'view') AND NOT name='sqlite_sequence'
            ORDER BY name; args=None
(0.000) SELECT "django_migrations"."id", "django_migrations"."app", "django_migrations"."name", "django_migrations"."applied" FROM "django_migrations"; args=()
(0.000) SELECT "shop_item"."id", "shop_item"."name", "shop_item"."desc", "shop_item"."price", "shop_item"."created_at", "shop_item"."updated_at" FROM "shop_item" WHERE "shop_item"."name" LIKE '%iphone%' ESCAPE '\' ORDER BY "shop_item"."id" ASC; args=('%iphone%',)
(0.016) SELECT "shop_item"."id", "shop_item"."name", "shop_item"."desc", "shop_item"."price", "shop_item"."created_at", "shop_item"."updated_at" FROM "shop_item" WHERE "shop_item"."name" LIKE '%iphone%' ESCAPE '\' ORDER BY "shop_item"."id" ASC; args=('%iphone%',)
(0.000) SELECT "shop_item"."id", "shop_item"."name", "shop_item"."desc", "shop_item"."price", "shop_item"."created_at", "shop_item"."updated_at" FROM "shop_item" ORDER BY "shop_item"."id" ASC; args=()
(0.000) 
            SELECT name, type FROM sqlite_master
            WHERE type in ('table', 'view') AND NOT name='sqlite_sequence'
            ORDER BY name; args=None
(0.000) SELECT "django_migrations"."id", "django_migrations"."app", "django_migrations"."name", "django_migrations"."applied" FROM "django_migrations"; args=()
(0.000) SELECT "django_session"."session_key", "django_session"."session_data", "django_session"."expire_date" FROM "django_session" WHERE ("django_session"."expire_date" > '2020-07-24 21:53:20.986545' AND "django_session"."session_key" = 'jl1rw04gkts933tdfi7tg1mrjtoncsn8') LIMIT 21; args=('2020-07-24 21:53:20.986545', 'jl1rw04gkts933tdfi7tg1mrjtoncsn8')
(0.000) SELECT "auth_user"."id", "auth_user"."password", "auth_user"."last_login", "auth_user"."is_superuser", "auth_user"."username", "auth_user"."first_name", "auth_user"."last_name", "auth_user"."email", "auth_user"."is_staff", "auth_user"."is_active", "auth_user"."date_joined" FROM "auth_user" WHERE "auth_user"."id" = 2 LIMIT 21; args=(2,)
(0.000) SELECT "django_admin_log"."id", "django_admin_log"."action_time", "django_admin_log"."user_id", "django_admin_log"."content_type_id", "django_admin_log"."object_id", "django_admin_log"."object_repr", "django_admin_log"."action_flag", "django_admin_log"."change_message", "auth_user"."id", "auth_user"."password", "auth_user"."last_login", "auth_user"."is_superuser", "auth_user"."username", "auth_user"."first_name", "auth_user"."last_name", "auth_user"."email", "auth_user"."is_staff", "auth_user"."is_active", "auth_user"."date_joined", "django_content_type"."id", "django_content_type"."app_label", "django_content_type"."model" FROM "django_admin_log" INNER JOIN "auth_user" ON ("django_admin_log"."user_id" = "auth_user"."id") LEFT OUTER JOIN "django_content_type" ON ("django_admin_log"."content_type_id" = "django_content_type"."id") WHERE "django_admin_log"."user_id" = 2 ORDER BY "django_admin_log"."action_time" DESC LIMIT 10; args=(2,)
(0.000) SELECT "django_session"."session_key", "django_session"."session_data", "django_session"."expire_date" FROM "django_session" WHERE ("django_session"."expire_date" > '2020-07-24 21:53:21.459554' AND "django_session"."session_key" = 'jl1rw04gkts933tdfi7tg1mrjtoncsn8') LIMIT 21; args=('2020-07-24 21:53:21.459554', 'jl1rw04gkts933tdfi7tg1mrjtoncsn8')
(0.000) SELECT "auth_user"."id", "auth_user"."password", "auth_user"."last_login", "auth_user"."is_superuser", "auth_user"."username", "auth_user"."first_name", "auth_user"."last_name", "auth_user"."email", "auth_user"."is_staff", "auth_user"."is_active", "auth_user"."date_joined" FROM "auth_user" WHERE "auth_user"."id" = 2 LIMIT 21; args=(2,)
(0.000) SELECT "django_admin_log"."id", "django_admin_log"."action_time", "django_admin_log"."user_id", "django_admin_log"."content_type_id", "django_admin_log"."object_id", "django_admin_log"."object_repr", "django_admin_log"."action_flag", "django_admin_log"."change_message", "auth_user"."id", "auth_user"."password", "auth_user"."last_login", "auth_user"."is_superuser", "auth_user"."username", "auth_user"."first_name", "auth_user"."last_name", "auth_user"."email", "auth_user"."is_staff", "auth_user"."is_active", "auth_user"."date_joined", "django_content_type"."id", "django_content_type"."app_label", "django_content_type"."model" FROM "django_admin_log" INNER JOIN "auth_user" ON ("django_admin_log"."user_id" = "auth_user"."id") LEFT OUTER JOIN "django_content_type" ON ("django_admin_log"."content_type_id" = "django_content_type"."id") WHERE "django_admin_log"."user_id" = 2 ORDER BY "django_admin_log"."action_time" DESC LIMIT 10; args=(2,)
(0.000) SELECT "django_session"."session_key", "django_session"."session_data", "django_session"."expire_date" FROM "django_session" WHERE ("django_session"."expire_date" > '2020-07-24 21:53:24.197777' AND "django_session"."session_key" = 'jl1rw04gkts933tdfi7tg1mrjtoncsn8') LIMIT 21; args=('2020-07-24 21:53:24.197777', 'jl1rw04gkts933tdfi7tg1mrjtoncsn8')
(0.000) SELECT "auth_user"."id", "auth_user"."password", "auth_user"."last_login", "auth_user"."is_superuser", "auth_user"."username", "auth_user"."first_name", "auth_user"."last_name", "auth_user"."email", "auth_user"."is_staff", "auth_user"."is_active", "auth_user"."date_joined" FROM "auth_user" WHERE "auth_user"."id" = 2 LIMIT 21; args=(2,)
(0.000) SELECT COUNT(*) AS "__count" FROM "shop_item"; args=()
(0.000) SELECT COUNT(*) AS "__count" FROM "shop_item"; args=()
(0.016) SELECT "shop_item"."id", "shop_item"."name", "shop_item"."desc", "shop_item"."price", "shop_item"."created_at", "shop_item"."updated_at", "shop_item"."is_publish", "shop_item"."photo" FROM "shop_item" ORDER BY "shop_item"."id" ASC; args=()
(0.015) SELECT "django_session"."session_key", "django_session"."session_data", "django_session"."expire_date" FROM "django_session" WHERE ("django_session"."expire_date" > '2020-07-24 21:53:24.312469' AND "django_session"."session_key" = 'jl1rw04gkts933tdfi7tg1mrjtoncsn8') LIMIT 21; args=('2020-07-24 21:53:24.312469', 'jl1rw04gkts933tdfi7tg1mrjtoncsn8')
(0.000) SELECT "auth_user"."id", "auth_user"."password", "auth_user"."last_login", "auth_user"."is_superuser", "auth_user"."username", "auth_user"."first_name", "auth_user"."last_name", "auth_user"."email", "auth_user"."is_staff", "auth_user"."is_active", "auth_user"."date_joined" FROM "auth_user" WHERE "auth_user"."id" = 2 LIMIT 21; args=(2,)
(0.000) SELECT "django_session"."session_key", "django_session"."session_data", "django_session"."expire_date" FROM "django_session" WHERE ("django_session"."expire_date" > '2020-07-24 21:53:27.178380' AND "django_session"."session_key" = 'jl1rw04gkts933tdfi7tg1mrjtoncsn8') LIMIT 21; args=('2020-07-24 21:53:27.178380', 'jl1rw04gkts933tdfi7tg1mrjtoncsn8')
(0.000) SELECT "auth_user"."id", "auth_user"."password", "auth_user"."last_login", "auth_user"."is_superuser", "auth_user"."username", "auth_user"."first_name", "auth_user"."last_name", "auth_user"."email", "auth_user"."is_staff", "auth_user"."is_active", "auth_user"."date_joined" FROM "auth_user" WHERE "auth_user"."id" = 2 LIMIT 21; args=(2,)
(0.000) SELECT "django_admin_log"."id", "django_admin_log"."action_time", "django_admin_log"."user_id", "django_admin_log"."content_type_id", "django_admin_log"."object_id", "django_admin_log"."object_repr", "django_admin_log"."action_flag", "django_admin_log"."change_message", "auth_user"."id", "auth_user"."password", "auth_user"."last_login", "auth_user"."is_superuser", "auth_user"."username", "auth_user"."first_name", "auth_user"."last_name", "auth_user"."email", "auth_user"."is_staff", "auth_user"."is_active", "auth_user"."date_joined", "django_content_type"."id", "django_content_type"."app_label", "django_content_type"."model" FROM "django_admin_log" INNER JOIN "auth_user" ON ("django_admin_log"."user_id" = "auth_user"."id") LEFT OUTER JOIN "django_content_type" ON ("django_admin_log"."content_type_id" = "django_content_type"."id") WHERE "django_admin_log"."user_id" = 2 ORDER BY "django_admin_log"."action_time" DESC LIMIT 10; args=(2,)
(0.000) SELECT "django_session"."session_key", "django_session"."session_data", "django_session"."expire_date" FROM "django_session" WHERE ("django_session"."expire_date" > '2020-07-24 21:53:31.959635' AND "django_session"."session_key" = 'jl1rw04gkts933tdfi7tg1mrjtoncsn8') LIMIT 21; args=('2020-07-24 21:53:31.959635', 'jl1rw04gkts933tdfi7tg1mrjtoncsn8')
(0.000) SELECT "auth_user"."id", "auth_user"."password", "auth_user"."last_login", "auth_user"."is_superuser", "auth_user"."username", "auth_user"."first_name", "auth_user"."last_name", "auth_user"."email", "auth_user"."is_staff", "auth_user"."is_active", "auth_user"."date_joined" FROM "auth_user" WHERE "auth_user"."id" = 2 LIMIT 21; args=(2,)
(0.000) SELECT COUNT(*) AS "__count" FROM "shop_item"; args=()
(0.000) SELECT COUNT(*) AS "__count" FROM "shop_item"; args=()
(0.000) SELECT "shop_item"."id", "shop_item"."name", "shop_item"."desc", "shop_item"."price", "shop_item"."created_at", "shop_item"."updated_at", "shop_item"."is_publish", "shop_item"."photo" FROM "shop_item" ORDER BY "shop_item"."id" ASC; args=()
(0.000) SELECT "django_session"."session_key", "django_session"."session_data", "django_session"."expire_date" FROM "django_session" WHERE ("django_session"."expire_date" > '2020-07-24 21:53:32.055378' AND "django_session"."session_key" = 'jl1rw04gkts933tdfi7tg1mrjtoncsn8') LIMIT 21; args=('2020-07-24 21:53:32.055378', 'jl1rw04gkts933tdfi7tg1mrjtoncsn8')
(0.000) SELECT "auth_user"."id", "auth_user"."password", "auth_user"."last_login", "auth_user"."is_superuser", "auth_user"."username", "auth_user"."first_name", "auth_user"."last_name", "auth_user"."email", "auth_user"."is_staff", "auth_user"."is_active", "auth_user"."date_joined" FROM "auth_user" WHERE "auth_user"."id" = 2 LIMIT 21; args=(2,)
(0.000) SELECT "django_session"."session_key", "django_session"."session_data", "django_session"."expire_date" FROM "django_session" WHERE ("django_session"."expire_date" > '2020-07-24 22:01:38.565751' AND "django_session"."session_key" = 'jl1rw04gkts933tdfi7tg1mrjtoncsn8') LIMIT 21; args=('2020-07-24 22:01:38.565751', 'jl1rw04gkts933tdfi7tg1mrjtoncsn8')
(0.000) SELECT "auth_user"."id", "auth_user"."password", "auth_user"."last_login", "auth_user"."is_superuser", "auth_user"."username", "auth_user"."first_name", "auth_user"."last_name", "auth_user"."email", "auth_user"."is_staff", "auth_user"."is_active", "auth_user"."date_joined" FROM "auth_user" WHERE "auth_user"."id" = 2 LIMIT 21; args=(2,)
(0.000) SELECT COUNT(*) AS "__count" FROM "shop_item"; args=()
(0.000) SELECT COUNT(*) AS "__count" FROM "shop_item"; args=()
(0.000) SELECT "shop_item"."id", "shop_item"."name", "shop_item"."desc", "shop_item"."price", "shop_item"."created_at", "shop_item"."updated_at", "shop_item"."is_publish", "shop_item"."photo" FROM "shop_item" ORDER BY "shop_item"."id" ASC; args=()
(0.000) 
            SELECT name, type FROM sqlite_master
            WHERE type in ('table', 'view') AND NOT name='sqlite_sequence'
            ORDER BY name; args=None
(0.000) SELECT "django_migrations"."id", "django_migrations"."app", "django_migrations"."name", "django_migrations"."applied" FROM "django_migrations"; args=()
(0.015) SELECT "django_session"."session_key", "django_session"."session_data", "django_session"."expire_date" FROM "django_session" WHERE ("django_session"."expire_date" > '2020-07-24 22:01:40.985758' AND "django_session"."session_key" = 'jl1rw04gkts933tdfi7tg1mrjtoncsn8') LIMIT 21; args=('2020-07-24 22:01:40.985758', 'jl1rw04gkts933tdfi7tg1mrjtoncsn8')
(0.000) SELECT "auth_user"."id", "auth_user"."password", "auth_user"."last_login", "auth_user"."is_superuser", "auth_user"."username", "auth_user"."first_name", "auth_user"."last_name", "auth_user"."email", "auth_user"."is_staff", "auth_user"."is_active", "auth_user"."date_joined" FROM "auth_user" WHERE "auth_user"."id" = 2 LIMIT 21; args=(2,)
(0.000) SELECT COUNT(*) AS "__count" FROM "shop_item"; args=()
(0.000) SELECT COUNT(*) AS "__count" FROM "shop_item"; args=()
(0.000) SELECT "shop_item"."id", "shop_item"."name", "shop_item"."desc", "shop_item"."price", "shop_item"."created_at", "shop_item"."updated_at", "shop_item"."is_publish", "shop_item"."photo" FROM "shop_item" ORDER BY "shop_item"."id" ASC; args=()
(0.016) SELECT "django_session"."session_key", "django_session"."session_data", "django_session"."expire_date" FROM "django_session" WHERE ("django_session"."expire_date" > '2020-07-24 22:01:41.157300' AND "django_session"."session_key" = 'jl1rw04gkts933tdfi7tg1mrjtoncsn8') LIMIT 21; args=('2020-07-24 22:01:41.157300', 'jl1rw04gkts933tdfi7tg1mrjtoncsn8')
(0.000) SELECT "auth_user"."id", "auth_user"."password", "auth_user"."last_login", "auth_user"."is_superuser", "auth_user"."username", "auth_user"."first_name", "auth_user"."last_name", "auth_user"."email", "auth_user"."is_staff", "auth_user"."is_active", "auth_user"."date_joined" FROM "auth_user" WHERE "auth_user"."id" = 2 LIMIT 21; args=(2,)
(0.000) SELECT "django_session"."session_key", "django_session"."session_data", "django_session"."expire_date" FROM "django_session" WHERE ("django_session"."expire_date" > '2020-07-24 22:01:45.324884' AND "django_session"."session_key" = 'jl1rw04gkts933tdfi7tg1mrjtoncsn8') LIMIT 21; args=('2020-07-24 22:01:45.324884', 'jl1rw04gkts933tdfi7tg1mrjtoncsn8')
(0.000) SELECT "auth_user"."id", "auth_user"."password", "auth_user"."last_login", "auth_user"."is_superuser", "auth_user"."username", "auth_user"."first_name", "auth_user"."last_name", "auth_user"."email", "auth_user"."is_staff", "auth_user"."is_active", "auth_user"."date_joined" FROM "auth_user" WHERE "auth_user"."id" = 2 LIMIT 21; args=(2,)
(0.000) SELECT "django_admin_log"."id", "django_admin_log"."action_time", "django_admin_log"."user_id", "django_admin_log"."content_type_id", "django_admin_log"."object_id", "django_admin_log"."object_repr", "django_admin_log"."action_flag", "django_admin_log"."change_message", "auth_user"."id", "auth_user"."password", "auth_user"."last_login", "auth_user"."is_superuser", "auth_user"."username", "auth_user"."first_name", "auth_user"."last_name", "auth_user"."email", "auth_user"."is_staff", "auth_user"."is_active", "auth_user"."date_joined", "django_content_type"."id", "django_content_type"."app_label", "django_content_type"."model" FROM "django_admin_log" INNER JOIN "auth_user" ON ("django_admin_log"."user_id" = "auth_user"."id") LEFT OUTER JOIN "django_content_type" ON ("django_admin_log"."content_type_id" = "django_content_type"."id") WHERE "django_admin_log"."user_id" = 2 ORDER BY "django_admin_log"."action_time" DESC LIMIT 10; args=(2,)
(0.000) SELECT "shop_item"."id", "shop_item"."name", "shop_item"."desc", "shop_item"."price", "shop_item"."created_at", "shop_item"."updated_at", "shop_item"."is_publish", "shop_item"."photo" FROM "shop_item" ORDER BY "shop_item"."id" ASC; args=()
